Resnet50
Epoch [1/50], Loss: 0.0189, val_loss: 0.0138, val_acc: 0.3025
Epoch [2/50], Loss: 0.0133, val_loss: 0.0247, val_acc: 0.3431
Epoch [3/50], Loss: 0.0117, val_loss: 0.0350, val_acc: 0.4090
Epoch [4/50], Loss: 0.0104, val_loss: 0.0112, val_acc: 0.4789
Epoch [5/50], Loss: 0.0093, val_loss: 0.0528, val_acc: 0.4992
Epoch [6/50], Loss: 0.0082, val_loss: 0.0128, val_acc: 0.5099
Epoch [7/50], Loss: 0.0072, val_loss: 0.0100, val_acc: 0.5583
Epoch [8/50], Loss: 0.0064, val_loss: 0.0071, val_acc: 0.6805
Epoch [9/50], Loss: 0.0057, val_loss: 0.0124, val_acc: 0.5197
Epoch [10/50], Loss: 0.0050, val_loss: 0.0112, val_acc: 0.5877
Epoch [11/50], Loss: 0.0043, val_loss: 0.0108, val_acc: 0.6487
Epoch    12: reducing learning rate of group 0 to 5.0000e-03.
Epoch [12/50], Loss: 0.0036, val_loss: 0.0113, val_acc: 0.5918
Epoch [13/50], Loss: 0.0018, val_loss: 0.0054, val_acc: 0.7729
Epoch [14/50], Loss: 0.0011, val_loss: 0.0056, val_acc: 0.7742
Epoch [15/50], Loss: 0.0008, val_loss: 0.0058, val_acc: 0.7771
Epoch [16/50], Loss: 0.0006, val_loss: 0.0060, val_acc: 0.7703
Epoch [17/50], Loss: 0.0005, val_loss: 0.0062, val_acc: 0.7720
Epoch [18/50], Loss: 0.0004, val_loss: 0.0064, val_acc: 0.7685
Epoch    19: reducing learning rate of group 0 to 5.0000e-04.
Epoch [19/50], Loss: 0.0003, val_loss: 0.0064, val_acc: 0.7698
Epoch [20/50], Loss: 0.0003, val_loss: 0.0064, val_acc: 0.7703
Epoch [21/50], Loss: 0.0002, val_loss: 0.0064, val_acc: 0.7726
Epoch [22/50], Loss: 0.0002, val_loss: 0.0064, val_acc: 0.7709
Epoch    23: reducing learning rate of group 0 to 5.0000e-05.
Epoch [23/50], Loss: 0.0002, val_loss: 0.0064, val_acc: 0.7727
Epoch [24/50], Loss: 0.0002, val_loss: 0.0065, val_acc: 0.7705
Epoch [25/50], Loss: 0.0002, val_loss: 0.0064, val_acc: 0.7722
Epoch [26/50], Loss: 0.0002, val_loss: 0.0065, val_acc: 0.7709
Epoch    27: reducing learning rate of group 0 to 5.0000e-06.
Epoch [27/50], Loss: 0.0002, val_loss: 0.0064, val_acc: 0.7736
Epoch [28/50], Loss: 0.0002, val_loss: 0.0065, val_acc: 0.7719
Epoch [29/50], Loss: 0.0002, val_loss: 0.0065, val_acc: 0.7700
Epoch [30/50], Loss: 0.0002, val_loss: 0.0065, val_acc: 0.7715
Epoch    31: reducing learning rate of group 0 to 5.0000e-07.
Epoch [31/50], Loss: 0.0002, val_loss: 0.0065, val_acc: 0.7726
Epoch [32/50], Loss: 0.0002, val_loss: 0.0065, val_acc: 0.7712
Epoch [33/50], Loss: 0.0002, val_loss: 0.0064, val_acc: 0.7714
Epoch [34/50], Loss: 0.0002, val_loss: 0.0065, val_acc: 0.7694
Epoch    35: reducing learning rate of group 0 to 5.0000e-08.
Epoch [35/50], Loss: 0.0002, val_loss: 0.0064, val_acc: 0.7723
Epoch [36/50], Loss: 0.0002, val_loss: 0.0064, val_acc: 0.7712
Epoch [37/50], Loss: 0.0002, val_loss: 0.0065, val_acc: 0.7738
Epoch [38/50], Loss: 0.0002, val_loss: 0.0065, val_acc: 0.7712
Epoch    39: reducing learning rate of group 0 to 5.0000e-09.
Epoch [39/50], Loss: 0.0002, val_loss: 0.0064, val_acc: 0.7702
Epoch [40/50], Loss: 0.0002, val_loss: 0.0065, val_acc: 0.7710
Epoch [41/50], Loss: 0.0002, val_loss: 0.0065, val_acc: 0.7702
Epoch [42/50], Loss: 0.0002, val_loss: 0.0065, val_acc: 0.7716
Epoch [43/50], Loss: 0.0002, val_loss: 0.0065, val_acc: 0.7715
Epoch [44/50], Loss: 0.0002, val_loss: 0.0065, val_acc: 0.7709
Epoch [45/50], Loss: 0.0002, val_loss: 0.0065, val_acc: 0.7704
Epoch [46/50], Loss: 0.0002, val_loss: 0.0065, val_acc: 0.7693
Epoch [47/50], Loss: 0.0002, val_loss: 0.0065, val_acc: 0.7715
Epoch [48/50], Loss: 0.0002, val_loss: 0.0065, val_acc: 0.7703
Epoch [49/50], Loss: 0.0002, val_loss: 0.0064, val_acc: 0.7711
Epoch [50/50], Loss: 0.0002, val_loss: 0.0065, val_acc: 0.7714
elapsed time per epoch: 145.14
test_accuracy: 76.73 %
